{
  "RSpec": {
    "coverage": {
      "/home/stoyan/customer-support-api/app/models/user.rb": {
        "lines": [
          null,
          null,
          1,
          null,
          null,
          1,
          null,
          null,
          1,
          null,
          1,
          null
        ]
      },
      "/home/stoyan/customer-support-api/app/helpers/api/v1/tickets_helper.rb": {
        "lines": [
          null,
          null,
          1,
          null
        ]
      },
      "/home/stoyan/customer-support-api/app/helpers/application_helper.rb": {
        "lines": [
          null,
          null,
          1,
          null
        ]
      },
      "/home/stoyan/customer-support-api/app/controllers/devise_token/sessions_controller.rb": {
        "lines": [
          null,
          null,
          1,
          1,
          1,
          1,
          1,
          null,
          1,
          null,
          1,
          5,
          null,
          null,
          1,
          4,
          null,
          4,
          4,
          null,
          4,
          null,
          null,
          null,
          null,
          1,
          9,
          null,
          4,
          null,
          null,
          null
        ]
      },
      "/home/stoyan/customer-support-api/app/controllers/application_controller.rb": {
        "lines": [
          null,
          null,
          1,
          1,
          null,
          6,
          null,
          1,
          null,
          1,
          5,
          5,
          null,
          null
        ]
      },
      "/home/stoyan/customer-support-api/app/channels/application_cable/channel.rb": {
        "lines": [
          null,
          null,
          0,
          0,
          0,
          0
        ],
        "branches": {
        }
      },
      "/home/stoyan/customer-support-api/app/channels/application_cable/connection.rb": {
        "lines": [
          null,
          null,
          0,
          0,
          0,
          0
        ],
        "branches": {
        }
      },
      "/home/stoyan/customer-support-api/app/controllers/api/v1/tickets_controller.rb": {
        "lines": [
          null,
          null,
          0,
          0,
          null,
          0,
          0,
          0,
          0,
          0
        ],
        "branches": {
        }
      },
      "/home/stoyan/customer-support-api/app/controllers/devise_token/registrations_controller.rb": {
        "lines": [
          null,
          null,
          0,
          0,
          0,
          0,
          0,
          0,
          0
        ],
        "branches": {
        }
      },
      "/home/stoyan/customer-support-api/app/jobs/application_job.rb": {
        "lines": [
          null,
          null,
          0,
          null,
          null,
          null,
          null,
          null,
          0
        ],
        "branches": {
        }
      },
      "/home/stoyan/customer-support-api/app/mailers/application_mailer.rb": {
        "lines": [
          null,
          null,
          0,
          0,
          0,
          0
        ],
        "branches": {
        }
      },
      "/home/stoyan/customer-support-api/app/models/application_record.rb": {
        "lines": [
          null,
          null,
          0,
          0,
          0
        ],
        "branches": {
        }
      },
      "/home/stoyan/customer-support-api/app/models/ticket.rb": {
        "lines": [
          null,
          null,
          0,
          0
        ],
        "branches": {
        }
      },
      "/home/stoyan/customer-support-api/app/serializers/ticket_serializer.rb": {
        "lines": [
          null,
          null,
          0,
          0,
          0
        ],
        "branches": {
        }
      }
    },
    "timestamp": 1701858227
  }
}
